<?xml version="1.0" encoding="UTF-8"?>
<testsuite xmlns:xsi="http://www.w3.org/2001/XMLSchema-instance" xsi:noNamespaceSchemaLocation="https://maven.apache.org/surefire/maven-surefire-plugin/xsd/surefire-test-report-3.0.xsd" version="3.0" name="runner.CucumberTestRunner" time="1.257" tests="13" errors="0" skipped="0" failures="0">
  <properties>
[...]
</properties>
  <testcase name="Create a user successfully" classname="User API Tests" time="0.54">
    <system-out><![CDATA[✅ WireMock started at http://localhost:8089

Scenario: Create a user successfully               &amp#27;[90m# features/user.feature:3&amp#27;[0m
  &amp#27;[32mGiven &amp#27;[0m&amp#27;[32mthe user payload is loaded&amp#27;[0m                 &amp#27;[90m# stepdefs.UserStepDefs.the_user_payload_is_loaded()&amp#27;[0m
  &amp#27;[32mWhen &amp#27;[0m&amp#27;[32mI send a POST request to &amp#27;[0m&amp#27;[32m&amp#27;[1m"/user"&amp#27;[0m            &amp#27;[90m# stepdefs.UserStepDefs.i_send_a_post_request_to(java.lang.String)&amp#27;[0m
  &amp#27;[32mThen &amp#27;[0m&amp#27;[32mthe response status code should be &amp#27;[0m&amp#27;[32m&amp#27;[1m200&amp#27;[0m      &amp#27;[90m# stepdefs.UserStepDefs.the_response_status_code_should_be(int)&amp#27;[0m
  &amp#27;[32mAnd &amp#27;[0m&amp#27;[32mthe response should confirm user was created&amp#27;[0m &amp#27;[90m# stepdefs.UserStepDefs.the_response_should_confirm_user_was_created()&amp#27;[0m
]]></system-out>
    <system-err><![CDATA[SLF4J: Failed to load class "org.slf4j.impl.StaticLoggerBinder".
SLF4J: Defaulting to no-operation (NOP) logger implementation
SLF4J: See http://www.slf4j.org/codes.html#StaticLoggerBinder for further details.
]]></system-err>
  </testcase>
  <testcase name="Get user by username" classname="User API Tests" time="0.015">
    <system-out><![CDATA[
Scenario: Get user by username                        &amp#27;[90m# features/user.feature:9&amp#27;[0m
  &amp#27;[32mWhen &amp#27;[0m&amp#27;[32mI send a GET request to &amp#27;[0m&amp#27;[32m&amp#27;[1m"/user/testuser"&amp#27;[0m       &amp#27;[90m# stepdefs.UserStepDefs.i_send_a_get_request_to(java.lang.String)&amp#27;[0m
  &amp#27;[32mThen &amp#27;[0m&amp#27;[32mthe response status code should be &amp#27;[0m&amp#27;[32m&amp#27;[1m200&amp#27;[0m         &amp#27;[90m# stepdefs.UserStepDefs.the_response_status_code_should_be(int)&amp#27;[0m
  &amp#27;[32mAnd &amp#27;[0m&amp#27;[32mthe response should contain username &amp#27;[0m&amp#27;[32m&amp#27;[1m"testuser"&amp#27;[0m &amp#27;[90m# stepdefs.UserStepDefs.the_response_should_contain_username(java.lang.String)&amp#27;[0m
]]></system-out>
  </testcase>
  <testcase name="User not found in German" classname="User API Tests" time="0.02">
    <system-out><![CDATA[
Scenario: User not found in German                                                      &amp#27;[90m# features/user.feature:14&amp#27;[0m
  &amp#27;[32mWhen &amp#27;[0m&amp#27;[32mI send a GET request to &amp#27;[0m&amp#27;[32m&amp#27;[1m"/user/unknownuser"&amp#27;[0m&amp#27;[32m with header &amp#27;[0m&amp#27;[32m&amp#27;[1m"Accept-Language"&amp#27;[0m&amp#27;[32m = &amp#27;[0m&amp#27;[32m&amp#27;[1m"de"&amp#27;[0m &amp#27;[90m# stepdefs.UserStepDefs.i_send_a_get_request_to_with_header(java.lang.String,java.lang.String,java.lang.String)&amp#27;[0m
  &amp#27;[32mThen &amp#27;[0m&amp#27;[32mthe response status code should be &amp#27;[0m&amp#27;[32m&amp#27;[1m404&amp#27;[0m                                           &amp#27;[90m# stepdefs.UserStepDefs.the_response_status_code_should_be(int)&amp#27;[0m
  &amp#27;[32mAnd &amp#27;[0m&amp#27;[32mthe response should contain error message &amp#27;[0m&amp#27;[32m&amp#27;[1m"Benutzer nicht gefunden"&amp#27;[0m               &amp#27;[90m# stepdefs.UserStepDefs.the_response_should_contain_error_message(java.lang.String)&amp#27;[0m
]]></system-out>
  </testcase>
  <testcase name="Get unknown user returns 404" classname="User API Tests" time="0.009">
    <system-out><![CDATA[
Scenario: Get unknown user returns 404                           &amp#27;[90m# features/user.feature:19&amp#27;[0m
  &amp#27;[32mWhen &amp#27;[0m&amp#27;[32mI send a GET request to &amp#27;[0m&amp#27;[32m&amp#27;[1m"/user/unknownuser"&amp#27;[0m               &amp#27;[90m# stepdefs.UserStepDefs.i_send_a_get_request_to(java.lang.String)&amp#27;[0m
  &amp#27;[32mThen &amp#27;[0m&amp#27;[32mthe response status code should be &amp#27;[0m&amp#27;[32m&amp#27;[1m404&amp#27;[0m                    &amp#27;[90m# stepdefs.UserStepDefs.the_response_status_code_should_be(int)&amp#27;[0m
  &amp#27;[32mAnd &amp#27;[0m&amp#27;[32mthe response should contain error message &amp#27;[0m&amp#27;[32m&amp#27;[1m"User not found"&amp#27;[0m &amp#27;[90m# stepdefs.UserStepDefs.the_response_should_contain_error_message(java.lang.String)&amp#27;[0m
]]></system-out>
  </testcase>
  <testcase name="Update existing user successfully" classname="User API Tests" time="0.008">
    <system-out><![CDATA[
Scenario: Update existing user successfully                      &amp#27;[90m# features/user.feature:24&amp#27;[0m
  &amp#27;[32mWhen &amp#27;[0m&amp#27;[32mI send a PUT request to &amp#27;[0m&amp#27;[32m&amp#27;[1m"/user/testuser"&amp#27;[0m                  &amp#27;[90m# stepdefs.UserStepDefs.i_send_a_put_request_to(java.lang.String)&amp#27;[0m
  &amp#27;[32mThen &amp#27;[0m&amp#27;[32mthe response status code should be &amp#27;[0m&amp#27;[32m&amp#27;[1m200&amp#27;[0m                    &amp#27;[90m# stepdefs.UserStepDefs.the_response_status_code_should_be(int)&amp#27;[0m
  &amp#27;[32mAnd &amp#27;[0m&amp#27;[32mthe response message should be &amp#27;[0m&amp#27;[32m&amp#27;[1m"User updated successfully"&amp#27;[0m &amp#27;[90m# stepdefs.UserStepDefs.the_response_message_should_be(java.lang.String)&amp#27;[0m
]]></system-out>
  </testcase>
  <testcase name="Update unknown user returns 404" classname="User API Tests" time="0.008">
    <system-out><![CDATA[
Scenario: Update unknown user returns 404                        &amp#27;[90m# features/user.feature:29&amp#27;[0m
  &amp#27;[32mWhen &amp#27;[0m&amp#27;[32mI send a PUT request to &amp#27;[0m&amp#27;[32m&amp#27;[1m"/user/unknownuser"&amp#27;[0m               &amp#27;[90m# stepdefs.UserStepDefs.i_send_a_put_request_to(java.lang.String)&amp#27;[0m
  &amp#27;[32mThen &amp#27;[0m&amp#27;[32mthe response status code should be &amp#27;[0m&amp#27;[32m&amp#27;[1m404&amp#27;[0m                    &amp#27;[90m# stepdefs.UserStepDefs.the_response_status_code_should_be(int)&amp#27;[0m
  &amp#27;[32mAnd &amp#27;[0m&amp#27;[32mthe response should contain error message &amp#27;[0m&amp#27;[32m&amp#27;[1m"User not found"&amp#27;[0m &amp#27;[90m# stepdefs.UserStepDefs.the_response_should_contain_error_message(java.lang.String)&amp#27;[0m
]]></system-out>
  </testcase>
  <testcase name="Delete existing user successfully" classname="User API Tests" time="0.008">
    <system-out><![CDATA[
Scenario: Delete existing user successfully                      &amp#27;[90m# features/user.feature:35&amp#27;[0m
  &amp#27;[32mWhen &amp#27;[0m&amp#27;[32mI send a DELETE request to &amp#27;[0m&amp#27;[32m&amp#27;[1m"/user/testuser"&amp#27;[0m               &amp#27;[90m# stepdefs.UserStepDefs.i_send_a_delete_request_to(java.lang.String)&amp#27;[0m
  &amp#27;[32mThen &amp#27;[0m&amp#27;[32mthe response status code should be &amp#27;[0m&amp#27;[32m&amp#27;[1m200&amp#27;[0m                    &amp#27;[90m# stepdefs.UserStepDefs.the_response_status_code_should_be(int)&amp#27;[0m
  &amp#27;[32mAnd &amp#27;[0m&amp#27;[32mthe response message should be &amp#27;[0m&amp#27;[32m&amp#27;[1m"User deleted successfully"&amp#27;[0m &amp#27;[90m# stepdefs.UserStepDefs.the_response_message_should_be(java.lang.String)&amp#27;[0m
]]></system-out>
  </testcase>
  <testcase name="Delete unknown user returns 404" classname="User API Tests" time="0.009">
    <system-out><![CDATA[
Scenario: Delete unknown user returns 404                        &amp#27;[90m# features/user.feature:40&amp#27;[0m
  &amp#27;[32mWhen &amp#27;[0m&amp#27;[32mI send a DELETE request to &amp#27;[0m&amp#27;[32m&amp#27;[1m"/user/unknownuser"&amp#27;[0m            &amp#27;[90m# stepdefs.UserStepDefs.i_send_a_delete_request_to(java.lang.String)&amp#27;[0m
  &amp#27;[32mThen &amp#27;[0m&amp#27;[32mthe response status code should be &amp#27;[0m&amp#27;[32m&amp#27;[1m404&amp#27;[0m                    &amp#27;[90m# stepdefs.UserStepDefs.the_response_status_code_should_be(int)&amp#27;[0m
  &amp#27;[32mAnd &amp#27;[0m&amp#27;[32mthe response should contain error message &amp#27;[0m&amp#27;[32m&amp#27;[1m"User not found"&amp#27;[0m &amp#27;[90m# stepdefs.UserStepDefs.the_response_should_contain_error_message(java.lang.String)&amp#27;[0m
]]></system-out>
  </testcase>
  <testcase name="Create, fetch, update, and delete user" classname="User API Tests" time="0.084">
    <system-out><![CDATA[
Scenario: Create, fetch, update, and delete user                 &amp#27;[90m# features/user.feature:47&amp#27;[0m
  &amp#27;[32mGiven &amp#27;[0m&amp#27;[32ma user payload is generated dynamically&amp#27;[0m                  &amp#27;[90m# stepdefs.UserStepDefs.a_user_payload_is_generated_dynamically()&amp#27;[0m
  &amp#27;[32mWhen &amp#27;[0m&amp#27;[32mI send a POST request to &amp#27;[0m&amp#27;[32m&amp#27;[1m"/user"&amp#27;[0m                          &amp#27;[90m# stepdefs.UserStepDefs.i_send_a_post_request_to(java.lang.String)&amp#27;[0m
  &amp#27;[32mThen &amp#27;[0m&amp#27;[32mthe response status code should be &amp#27;[0m&amp#27;[32m&amp#27;[1m200&amp#27;[0m                    &amp#27;[90m# stepdefs.UserStepDefs.the_response_status_code_should_be(int)&amp#27;[0m
  &amp#27;[32mAnd &amp#27;[0m&amp#27;[32mthe response should confirm user was created&amp#27;[0m               &amp#27;[90m# stepdefs.UserStepDefs.the_response_should_confirm_user_was_created()&amp#27;[0m
  &amp#27;[32mWhen &amp#27;[0m&amp#27;[32mI send a GET request to the created user&amp#27;[0m                  &amp#27;[90m# stepdefs.UserStepDefs.i_send_a_get_request_to_the_created_user()&amp#27;[0m
  &amp#27;[32mThen &amp#27;[0m&amp#27;[32mthe response status code should be &amp#27;[0m&amp#27;[32m&amp#27;[1m200&amp#27;[0m                    &amp#27;[90m# stepdefs.UserStepDefs.the_response_status_code_should_be(int)&amp#27;[0m
  &amp#27;[32mAnd &amp#27;[0m&amp#27;[32mthe response should contain username&amp#27;[0m                       &amp#27;[90m# stepdefs.UserStepDefs.the_response_should_contain_username()&amp#27;[0m
  &amp#27;[32mWhen &amp#27;[0m&amp#27;[32mI send a PUT request to the created user&amp#27;[0m                  &amp#27;[90m# stepdefs.UserStepDefs.i_send_a_put_request_to_the_created_user()&amp#27;[0m
  &amp#27;[32mThen &amp#27;[0m&amp#27;[32mthe response status code should be &amp#27;[0m&amp#27;[32m&amp#27;[1m200&amp#27;[0m                    &amp#27;[90m# stepdefs.UserStepDefs.the_response_status_code_should_be(int)&amp#27;[0m
  &amp#27;[32mAnd &amp#27;[0m&amp#27;[32mthe response message should be &amp#27;[0m&amp#27;[32m&amp#27;[1m"User updated successfully"&amp#27;[0m &amp#27;[90m# stepdefs.UserStepDefs.the_response_message_should_be(java.lang.String)&amp#27;[0m
  &amp#27;[32mWhen &amp#27;[0m&amp#27;[32mI send a DELETE request to the created user&amp#27;[0m               &amp#27;[90m# stepdefs.UserStepDefs.i_send_a_delete_request_to_the_created_user()&amp#27;[0m
  &amp#27;[32mThen &amp#27;[0m&amp#27;[32mthe response status code should be &amp#27;[0m&amp#27;[32m&amp#27;[1m200&amp#27;[0m                    &amp#27;[90m# stepdefs.UserStepDefs.the_response_status_code_should_be(int)&amp#27;[0m
  &amp#27;[32mAnd &amp#27;[0m&amp#27;[32mthe response message should be &amp#27;[0m&amp#27;[32m&amp#27;[1m"User deleted successfully"&amp#27;[0m &amp#27;[90m# stepdefs.UserStepDefs.the_response_message_should_be(java.lang.String)&amp#27;[0m
]]></system-out>
  </testcase>
  <testcase name="Example #1.1" classname="Examples" time="0.022">
    <system-out><![CDATA[
Scenario Outline: Create user with missing fields                           &amp#27;[90m# features/user.feature:80&amp#27;[0m
  &amp#27;[32mGiven &amp#27;[0m&amp#27;[32ma user with the following data&amp#27;[0m                                      &amp#27;[90m# stepdefs.UserStepDefs.a_user_with_the_following_data(io.cucumber.datatable.DataTable)&amp#27;[0m
    | field     | value         |
    | username  | test1         |
    | firstName | [empty]       |
    | lastName  | Doe           |
    | email     | test@mail.com |
    | password  | secret        |
  &amp#27;[32mWhen &amp#27;[0m&amp#27;[32mI send a POST request to &amp#27;[0m&amp#27;[32m&amp#27;[1m"/user"&amp#27;[0m                                     &amp#27;[90m# stepdefs.UserStepDefs.i_send_a_post_request_to(java.lang.String)&amp#27;[0m
  &amp#27;[32mThen &amp#27;[0m&amp#27;[32mthe response status code should be &amp#27;[0m&amp#27;[32m&amp#27;[1m400&amp#27;[0m                               &amp#27;[90m# stepdefs.UserStepDefs.the_response_status_code_should_be(int)&amp#27;[0m
  &amp#27;[32mAnd &amp#27;[0m&amp#27;[32mthe response should contain error message &amp#27;[0m&amp#27;[32m&amp#27;[1m"First Name field is empty"&amp#27;[0m &amp#27;[90m# stepdefs.UserStepDefs.the_response_should_contain_error_message(java.lang.String)&amp#27;[0m
]]></system-out>
  </testcase>
  <testcase name="Example #1.2" classname="Examples" time="0.02">
    <system-out><![CDATA[
Scenario Outline: Create user with missing fields                          &amp#27;[90m# features/user.feature:81&amp#27;[0m
  &amp#27;[32mGiven &amp#27;[0m&amp#27;[32ma user with the following data&amp#27;[0m                                     &amp#27;[90m# stepdefs.UserStepDefs.a_user_with_the_following_data(io.cucumber.datatable.DataTable)&amp#27;[0m
    | field     | value         |
    | username  | test2         |
    | firstName | John          |
    | lastName  | [empty]       |
    | email     | test@mail.com |
    | password  | secret        |
  &amp#27;[32mWhen &amp#27;[0m&amp#27;[32mI send a POST request to &amp#27;[0m&amp#27;[32m&amp#27;[1m"/user"&amp#27;[0m                                    &amp#27;[90m# stepdefs.UserStepDefs.i_send_a_post_request_to(java.lang.String)&amp#27;[0m
  &amp#27;[32mThen &amp#27;[0m&amp#27;[32mthe response status code should be &amp#27;[0m&amp#27;[32m&amp#27;[1m400&amp#27;[0m                              &amp#27;[90m# stepdefs.UserStepDefs.the_response_status_code_should_be(int)&amp#27;[0m
  &amp#27;[32mAnd &amp#27;[0m&amp#27;[32mthe response should contain error message &amp#27;[0m&amp#27;[32m&amp#27;[1m"Last Name field is empty"&amp#27;[0m &amp#27;[90m# stepdefs.UserStepDefs.the_response_should_contain_error_message(java.lang.String)&amp#27;[0m
]]></system-out>
  </testcase>
  <testcase name="Example #1.3" classname="Examples" time="0.02">
    <system-out><![CDATA[
Scenario Outline: Create user with missing fields                      &amp#27;[90m# features/user.feature:82&amp#27;[0m
  &amp#27;[32mGiven &amp#27;[0m&amp#27;[32ma user with the following data&amp#27;[0m                                 &amp#27;[90m# stepdefs.UserStepDefs.a_user_with_the_following_data(io.cucumber.datatable.DataTable)&amp#27;[0m
    | field     | value   |
    | username  | test3   |
    | firstName | John    |
    | lastName  | Doe     |
    | email     | [empty] |
    | password  | secret  |
  &amp#27;[32mWhen &amp#27;[0m&amp#27;[32mI send a POST request to &amp#27;[0m&amp#27;[32m&amp#27;[1m"/user"&amp#27;[0m                                &amp#27;[90m# stepdefs.UserStepDefs.i_send_a_post_request_to(java.lang.String)&amp#27;[0m
  &amp#27;[32mThen &amp#27;[0m&amp#27;[32mthe response status code should be &amp#27;[0m&amp#27;[32m&amp#27;[1m400&amp#27;[0m                          &amp#27;[90m# stepdefs.UserStepDefs.the_response_status_code_should_be(int)&amp#27;[0m
  &amp#27;[32mAnd &amp#27;[0m&amp#27;[32mthe response should contain error message &amp#27;[0m&amp#27;[32m&amp#27;[1m"Email field is empty"&amp#27;[0m &amp#27;[90m# stepdefs.UserStepDefs.the_response_should_contain_error_message(java.lang.String)&amp#27;[0m
]]></system-out>
  </testcase>
  <testcase name="Example #1.4" classname="Examples" time="0.02">
    <system-out><![CDATA[
Scenario Outline: Create user with missing fields                         &amp#27;[90m# features/user.feature:83&amp#27;[0m
  &amp#27;[32mGiven &amp#27;[0m&amp#27;[32ma user with the following data&amp#27;[0m                                    &amp#27;[90m# stepdefs.UserStepDefs.a_user_with_the_following_data(io.cucumber.datatable.DataTable)&amp#27;[0m
    | field     | value         |
    | username  | test4         |
    | firstName | John          |
    | lastName  | Doe           |
    | email     | test@mail.com |
    | password  | [empty]       |
  &amp#27;[32mWhen &amp#27;[0m&amp#27;[32mI send a POST request to &amp#27;[0m&amp#27;[32m&amp#27;[1m"/user"&amp#27;[0m                                   &amp#27;[90m# stepdefs.UserStepDefs.i_send_a_post_request_to(java.lang.String)&amp#27;[0m
  &amp#27;[32mThen &amp#27;[0m&amp#27;[32mthe response status code should be &amp#27;[0m&amp#27;[32m&amp#27;[1m400&amp#27;[0m                             &amp#27;[90m# stepdefs.UserStepDefs.the_response_status_code_should_be(int)&amp#27;[0m
  &amp#27;[32mAnd &amp#27;[0m&amp#27;[32mthe response should contain error message &amp#27;[0m&amp#27;[32m&amp#27;[1m"Password field is empty"&amp#27;[0m &amp#27;[90m# stepdefs.UserStepDefs.the_response_should_contain_error_message(java.lang.String)&amp#27;[0m
]]></system-out>
  </testcase>
</testsuite>